2021-02-27 15:22:18.089829,	Logger,	INFO,	Logger Initated
2021-02-27 15:22:18.095818,	SNOW Config Init,	INFO,	SNOW {
    "Uname": "admin",
    "Pword": "ElZ8a3gtJRHf",
    "HostName":"dev19116.service-now.com",
    "Query":"=manufacturer%2Cvendor%2Cvendor_type%2Cphone%2Cfax_phone%2Cname%2Cstock_symbol%2Cwebsite&sysparm_limit=10",
    "EndopointURL": "https://dev102213.service-now.com/api/now/table/incident?sysparm_fields=number%2Cstate%2Cdescription%2Cshort_description%2Cimpact%2Curgency&sysparm_limit=100",
    "ModuleName": "core_company"
}
 Configuration Loaded successfully
2021-02-27 15:22:18.101820,	SMAX Config Init,	INFO,	SMAX {
    "Uname": "tenant_admin",
    "Pword": "SMAXR0cks!",
    "HostName":"us1-smax.saas.microfocus.com",
    "TenantId":"598132864",
    "EndopointURL": "",
    "AuthURL":"",
    "SmaxEntity": "Company",
    "DefaultServiceCode":"",
    "DefaultCategoryCode":"",
    "CertFilePath":"./data/smax-saas.cer"
} Configuration Loaded successfully
2021-02-27 15:22:18.111821,	Mapping,	INFO,	Mapping file loaded
 {1: Enterprise, 2: SiteOrDepartment, 3: MultipleUsers}
2021-02-27 15:22:18.265713,	DB Status,	INFO,	true
2021-02-27 15:22:19.626838,	SMAX,	INFO,	SMAX Auth Successfull: Token 
 qDFP-E-uhEIwmJLoFCTROsdnGp4IatTlmJWuRbSfaHeX3GLWAPPSmxpLTLvggJRYW-IU6bHtBBaoyFof2zjf51OPI-6yVnXDvbW6zXC1wi17mr_j7QLRzAamfLLECb5DWdbR-xd1WvQSmlwxkGpm3EP5pjiyNkZV-cyX6pyUMJvfRcO_jDotogvM6-VKybOW4hKvtPyFCpEnRsu0eoBR0w1I1WEOxb0AmWW0GZsjfVm8nuPaUSOV7Hbl9rV5AhJZFfhzoDIbjcnV-zsjga6hp0yV6lepLN33IdL31-0MjtTGZR47zWdh-0BRfU0ddlvQsq4NBDEW0Jq_nD1CT_TGu3spS-pcB9TrzGJGf0p734RqiaT82xGUDSoD8pzfIE4tr5rbbLWjacTrWCWFAVFsGsYePgdTB34osajUVyvVjDJCkU_CwWbZ47PC_ztbfqTvnunKo3wqEV2fi8esFQ_gpxDGGAOhhOT0uANpY-fWpniLkZ6ZB4AABEv90ofi_LNL4rPIKeMtHDegJ7sttxgihUbsF6yZ_vjSsqpyR7mUm-foBxNI5rhv7t2RzKX7dGF-rjIjjIWNZd4qLxW_NEx70LWEU7stkHZn9WOWde7hAIuWZ0Y7K74P7EYkFYEj-NYOdfURlsU6GTLX85Eprv4vvReVqA9R_iUL-trM9bXaibqm3_t7sEEb73pEdKzo8lCuEDYjk_Yby9lSHO_YqKPGRO1XhnAplNd0NE-WbCXc0mHh2VGwp0HwM3R_Xscy52PNsPcJwuyUlu12VJUK7EQQvDFkeiDdOPCJUeMIRRW_AM3MlKpGyF6LSr_YTd3ljNAv1m5DPnDfp47qEjaGWtqkUuOcdKlU2H5q3wOOnH79MeeRH489qjVdARCMc-bhIoOnzTUrd4HjKs4kBwSENeoEnWB6VcnUEYVGNO8nbkvf7A2vKKxJzjAF7bZ-eDjaZF55z7t-66zbjJd7rBr4G-UVyGy6h3cfK3sY6hBQJrbALBQXkBUWx7RtxyEchBR2AZvcHRZ9vyazhc_ayPoc0ghZ-M7NGj_PkokYyEWuLgbJKygzzUsJtxvKa6ztt6xUYbduT6N7zqqFcqzS-JH4ODiQItYCx0SmgFwmM7FUfAVUn4CzFAaqSnaof7fLeijOwQiUO-zOaUdB7ygvmP7KJ0w08vkmKftT3eGxl9L4B-kg9k0mzg4W4B8GtFY1KpBsI10SlZbtva12dFsKPZyN9Ti_4XzilhxeQTFddfebAIMG7V1-YwMhy0y4BdHPU1YWRoGAhD3WzLRCC209rTCdVeoWDb8MnIoMELDeXygfJfCR886fYfC-emAnn-tvVDojpVSQnhCID_aGKl8v4ZqmkkXJODwSComuNjypCN_MDae0KuFDsMN_kk8gb6yRM05WaHJAmYHnGzy39wUKCu-FazEW_w.. 
2021-02-27 15:22:20.247851,	SNOW,	INFO,	SNOW Fetch Success:200 {"result":[{"banner_image_light":"","country":"","parent":"","notes":"","city":"Los Angeles, CA 90028","stock_symbol":"EMC","latitude":"","discount":"","sys_updated_on":"2013-05-06 23:44:48","sys_class_name":"core_company","manufacturer":"true","apple_icon":"","sys_id":"0c43af40c6112275011a4bd4c0143fbf","market_cap":"48930000000","sys_updated_by":"admin","num_employees":"12","fiscal_year":"","rank_tier":"","street":"6922 Hollywood Blvd., 4th floor","sys_created_on":"2005-05-24 01:14:19","vendor":"false","contact":"","lat_long_error":"2: couldn't find this address! sorry","stock_price":"23.29","theme":"","banner_image":"","state":"","sys_created_by":"guest","longitude":"","vendor_type":"","zip":"","profits":"0","revenue_per_year":"22010000000","website":"www.eatsleepmusic.com","publicly_traded":"false","sys_mod_count":"50","sys_tags":"","fax_phone":"","phone":"1 (800) 958-2983","vendor_manager":"","banner_text":"","name":"N/A","coordinates_retrieved_on":"","customer":"false","primary":"false"},{"banner_image_light":"","country":"","parent":"","notes":"","city":"","stock_symbol":"","latitude":"","discount":"","sys_updated_on":"2013-06-05 17:53:26","sys_class_name":"core_company","manufacturer":"true","apple_icon":"","sys_id":"0c43b088c6112275011a4bd46a4e6cc4","market_cap":"0","sys_updated_by":"admin","num_employees":"","fiscal_year":"","rank_tier":"","street":"","sys_created_on":"2005-05-24 01:14:19","vendor":"false","contact":"","lat_long_error":"","stock_price":"","theme":"","banner_image":"","state":"","sys_created_by":"guest","longitude":"","vendor_type":"","zip":"","profits":"0","revenue_per_year":"0","website":"","publicly_traded":"false","sys_mod_count":"2","sys_tags":"","fax_phone":"","phone":"","vendor_manager":"","banner_text":"","name":"GenuineIntel","coordinates_retrieved_on":"","customer":"false","primary":"false"},{"banner_image_light":"","country":"","parent":"","notes":"","city":"","stock_symbol":"","latitude":"","discount":"","sys_updated_on":"2013-06-05 16:55:18","sys_class_name":"core_company","manufacturer":"true","apple_icon":"","sys_id":"0c43ba9ac61122750000251539b4eebd","market_cap":"0","sys_updated_by":"admin","num_employees":"","fiscal_year":"","rank_tier":"","street":"","sys_created_on":"2005-05-24 01:14:22","vendor":"false","contact":"","lat_long_error":"","stock_price":"","theme":"","banner_image":"","state":"","sys_created_by":"guest","longitude":"","vendor_type":"","zip":"","profits":"0","revenue_per_year":"0","website":"","publicly_traded":"false","sys_mod_count":"2","sys_tags":"","fax_phone":"","phone":"","vendor_manager":"","banner_text":"","name":"Cinematronics","coordinates_retrieved_on":"","customer":"false","primary":"false"},{"banner_image_light":"","country":"USA","parent":"","notes":"","city":"Portland","stock_symbol":"","latitude":"45.424708","discount":"","sys_updated_on":"2013-05-09 19:09:13","sys_class_name":"core_company","manufacturer":"true","apple_icon":"","sys_id":"0c43bc21c611227500002515ef0dfb71","market_cap":"0","sys_updated_by":"admin","num_employees":"100","fiscal_year":"","rank_tier":"","street":"13190 SW 68th Parkway, Suite 200","sys_created_on":"2005-05-24 01:14:22","vendor":"true","contact":"","lat_long_error":"","stock_price":"","theme":"","banner_image":"","state":"OR","sys_created_by":"guest","longitude":"-122.747146","vendor_type":"8a8d53de37400100fceabfc8bcbe5d1e","zip":"97223-8368","profits":"0","revenue_per_year":"0","website":"","publicly_traded":"false","sys_mod_count":"6","sys_tags":"","fax_phone":"","phone":"(503) 207-4700","vendor_manager":"","banner_text":"","name":"In Focus Systems","coordinates_retrieved_on":"","customer":"false","primary":"false"},{"banner_image_light":"","country":"","parent":"","notes":"","city":"","stock_symbol":"","latitude":"","discount":"","sys_updated_on":"2012-10-14 11:59:41","sys_class_name":"core_company","manufacturer":"true","apple_icon":"","sys_id":"0c43bcccc61122750000251548b1d9de","market_cap":"0","sys_updated_by":"admin","num_employees":"","fiscal_year":"","rank_tier":"","street":"","sys_created_on":"2005-05-24 01:14:22","vendor":"false","contact":"","lat_long_error":"","stock_price":"","theme":"","banner_image":"","state":"","sys_created_by":"guest","longitude":"","vendor_type":"","zip":"","profits":"0","revenue_per_year":"0","website":"","publicly_traded":"false","sys_mod_count":"1","sys_tags":"","fax_phone":"","phone":"","vendor_manager":"","banner_text":"","name":"Information Research","coordinates_retrieved_on":"","customer":"false","primary":"false"},{"banner_image_light":"","country":"","parent":"","notes":"","city":"","stock_symbol":"","latitude":"","discount":"","sys_updated_on":"2013-06-05 16:28:58","sys_class_name":"core_company","manufacturer":"true","apple_icon":"","sys_id":"0c43bcdcc611227500002515168ec227","market_cap":"0","sys_updated_by":"admin","num_employees":"","fiscal_year":"","rank_tier":"","street":"","sys_created_on":"2005-05-24 01:14:22","vendor":"false","contact":"","lat_long_error":"","stock_price":"","theme":"","banner_image":"","state":"","sys_created_by":"guest","longitude":"","vendor_type":"","zip":"","profits":"0","revenue_per_year":"0","website":"","publicly_traded":"false","sys_mod_count":"2","sys_tags":"","fax_phone":"","phone":"","vendor_manager":"","banner_text":"","name":"Andrea Electronics","coordinates_retrieved_on":"","customer":"false","primary":"false"},{"banner_image_light":"","country":"USA","parent":"","notes":"","city":"St. Augustine","stock_symbol":"CLCN","latitude":"","discount":"","sys_updated_on":"2013-05-07 05:50:23","sys_class_name":"core_company","manufacturer":"true","apple_icon":"","sys_id":"0c43bd69c611227500002515789e7ff2","market_cap":"0","sys_updated_by":"admin","num_employees":"12","fiscal_year":"","rank_tier":"","street":"701 Market Street","sys_created_on":"2005-05-24 01:14:22","vendor":"true","contact":"","lat_long_error":"2: couldn't find this address! sorry","stock_price":"0.55","theme":"","banner_image":"","state":"FL","sys_created_by":"guest","longitude":"","vendor_type":"8a8d53de37400100fceabfc8bcbe5d1e","zip":"32095","profits":"0","revenue_per_year":"0","website":"","publicly_traded":"false","sys_mod_count":"8","sys_tags":"","fax_phone":"(302) 421-5753","phone":"(904) 824-3133","vendor_manager":"","banner_text":"","name":"Creative Labs","coordinates_retrieved_on":"","customer":"false","primary":"false"},{"banner_image_light":"","country":"","parent":"","notes":"","city":"San Jose","stock_symbol":"MACR","latitude":"37.329407","discount":"","sys_updated_on":"2013-05-09 18:29:49","sys_class_name":"core_company","manufacturer":"true","apple_icon":"","sys_id":"0c43bd78c61122750000251597fb0103","market_cap":"0","sys_updated_by":"admin","num_employees":"1445","fiscal_year":"","rank_tier":"","street":"345 Park Avenue","sys_created_on":"2005-05-24 01:14:22","vendor":"true","contact":"","lat_long_error":"","stock_price":"34.13","theme":"","banner_image":"","state":"CA","sys_created_by":"guest","longitude":"-121.895057","vendor_type":"8a8d53de37400100fceabfc8bcbe5d1e","zip":"95110-2704","profits":"0","revenue_per_year":"0","website":"www.macromedia.com","publicly_traded":"true","sys_mod_count":"6","sys_tags":"","fax_phone":"(408) 536-6000","phone":"(408) 536-6000","vendor_manager":"","banner_text":"","name":"Macromedia","coordinates_retrieved_on":"","customer":"false","primary":"false"},{"banner_image_light":"","country":"U.S","parent":"","notes":"","city":"Santa Ana","stock_symbol":"CLGX","latitude":"33.659356","discount":"","sys_updated_on":"2013-06-05 22:31:21","sys_class_name":"core_company","manufacturer":"true","apple_icon":"","sys_id":"0c43bd98c6112275000025151126b17e","market_cap":"0","sys_updated_by":"admin","num_employees":"4800","fiscal_year":"","rank_tier":"","street":"40 Pacifica Suite 900\n","sys_created_on":"2005-05-24 01:14:23","vendor":"true","contact":"","lat_long_error":"","stock_price":"27.63","theme":"","banner_image":"","state":"CA","sys_created_by":"guest","longitude":"-117.753721","vendor_type":"8a8d53de37400100fceabfc8bcbe5d1e","zip":"92618-7471","profits":"0","revenue_per_year":"0","website":"","publicly_traded":"false","sys_mod_count":"7","sys_tags":"","fax_phone":"(949) 250-6400","phone":"(949) 250-6400","vendor_manager":"","banner_text":"","name":"CoreLogic, Inc.","coordinates_retrieved_on":"","customer":"false","primary":"false"},{"banner_image_light":"","country":"","parent":"","notes":"","city":"","stock_symbol":"","latitude":"","discount":"","sys_updated_on":"2013-06-05 21:15:26","sys_class_name":"core_company","manufacturer":"true","apple_icon":"","sys_id":"0c43bda7c611227500002515fd14d70d","market_cap":"0","sys_updated_by":"admin","num_employees":"","fiscal_year":"","rank_tier":"","street":"","sys_created_on":"2005-05-24 01:14:23","vendor":"true","contact":"","lat_long_error":"","stock_price":"","theme":"","banner_image":"","state":"","sys_created_by":"guest","longitude":"","vendor_type":"569d6263df300100cd7da5f59bf2632c","zip":"","profits":"0","revenue_per_year":"0","website":"","publicly_traded":"false","sys_mod_count":"4","sys_tags":"","fax_phone":"","phone":"","vendor_manager":"","banner_text":"","name":"SAP America","coordinates_retrieved_on":"","customer":"false","primary":"false"}]}
2021-02-27 15:22:20.257844,	SNOW,	INFO,	Fetched :10 tickets
2021-02-27 15:22:20.263844,	SMAX Bulk Create,	INFO,	Processing ticket N/A
2021-02-27 15:22:20.268846,	SMAX Bulk Create,	INFO,	JSON
 {entities: [{entity_type: Company, properties: {DisplayLabel: N/A, Code: EMC, CompanyType: CompanyTypeManufacturer, Website: www.eatsleepmusic.com, Phone: 1 (800) 958-2983, Fax: }}], operation: CREATE}
2021-02-27 15:22:21.305140,	SMAX,	ERROR,	SMAX Create Bulk failed: Response JSON 
 {"entity_result_list":[{"entity":{"entity_type":"Company","properties":{"PhaseId":"Active","DataDomains":["Public"],"LastUpdateTime":1614419542101,"EmsCreationTime":1614419542101,"Phone":"1 (800) 958-2983","Website":"www.eatsleepmusic.com","CompanyType":"CompanyTypeManufacturer","ProcessId":"Normal","Fax":"","Code":"EMC","DisplayLabel":"N/A"},"related_properties":{}},"completion_status":"FAILED","errorDetails":{"httpStatus":409,"message":"Duplicate key violation: field name \u0027Code\u0027","developer_message":"","message_key":"duplicate.logical.key","message_rb":"locale/platform_ems_errors","message_arguments":["Code"],"exceptionType":"DuplicateKeyException"}}],"relationship_result_list":[],"translation_result_list":[],"meta":{"completion_status":"FAILED"}} 
2021-02-27 15:22:21.365198,	SMAX Bulk Create,	INFO,	Processing ticket GenuineIntel
2021-02-27 15:22:21.370207,	SMAX Bulk Create,	INFO,	JSON
 {entities: [{entity_type: Company, properties: {DisplayLabel: GenuineIntel, Code: , CompanyType: CompanyTypeManufacturer, Website: , Phone: , Fax: }}], operation: CREATE}
2021-02-27 15:22:22.426736,	SMAX,	ERROR,	SMAX Create Bulk failed: Response JSON 
 {"entity_result_list":[{"entity":{"entity_type":"Company","properties":{"PhaseId":"Active","DataDomains":["Public"],"LastUpdateTime":1614419543231,"EmsCreationTime":1614419543231,"Phone":"","Website":"","CompanyType":"CompanyTypeManufacturer","ProcessId":"Normal","Fax":"","Code":"","DisplayLabel":"GenuineIntel"},"related_properties":{}},"completion_status":"FAILED","errorDetails":{"httpStatus":409,"message":"Duplicate key violation","developer_message":"","message_key":"duplicate.key","message_rb":"locale/platform_ems_errors","message_arguments":[],"exceptionType":"DuplicateKeyException"}}],"relationship_result_list":[],"translation_result_list":[],"meta":{"completion_status":"FAILED"}} 
2021-02-27 15:22:22.466152,	SMAX Bulk Create,	INFO,	Processing ticket Cinematronics
2021-02-27 15:22:22.472145,	SMAX Bulk Create,	INFO,	JSON
 {entities: [{entity_type: Company, properties: {DisplayLabel: Cinematronics, Code: , CompanyType: CompanyTypeManufacturer, Website: , Phone: , Fax: }}], operation: CREATE}
2021-02-27 15:22:23.483894,	SMAX,	ERROR,	SMAX Create Bulk failed: Response JSON 
 {"entity_result_list":[{"entity":{"entity_type":"Company","properties":{"PhaseId":"Active","DataDomains":["Public"],"LastUpdateTime":1614419544284,"EmsCreationTime":1614419544284,"Phone":"","Website":"","CompanyType":"CompanyTypeManufacturer","ProcessId":"Normal","Fax":"","Code":"","DisplayLabel":"Cinematronics"},"related_properties":{}},"completion_status":"FAILED","errorDetails":{"httpStatus":409,"message":"Duplicate key violation","developer_message":"","message_key":"duplicate.key","message_rb":"locale/platform_ems_errors","message_arguments":[],"exceptionType":"DuplicateKeyException"}}],"relationship_result_list":[],"translation_result_list":[],"meta":{"completion_status":"FAILED"}} 
2021-02-27 15:22:23.525863,	SMAX Bulk Create,	INFO,	Processing ticket In Focus Systems
2021-02-27 15:22:23.530873,	SMAX Bulk Create,	INFO,	JSON
 {entities: [{entity_type: Company, properties: {DisplayLabel: In Focus Systems, Code: , CompanyType: CompanyTypeVendor, Website: , Phone: (503) 207-4700, Fax: }}], operation: CREATE}
2021-02-27 15:22:24.563499,	SMAX,	ERROR,	SMAX Create Bulk failed: Response JSON 
 {"entity_result_list":[{"entity":{"entity_type":"Company","properties":{"PhaseId":"Active","DataDomains":["Public"],"LastUpdateTime":1614419545368,"EmsCreationTime":1614419545368,"Phone":"(503) 207-4700","Website":"","CompanyType":"CompanyTypeVendor","ProcessId":"Normal","Fax":"","Code":"","DisplayLabel":"In Focus Systems"},"related_properties":{}},"completion_status":"FAILED","errorDetails":{"httpStatus":409,"message":"Duplicate key violation","developer_message":"","message_key":"duplicate.key","message_rb":"locale/platform_ems_errors","message_arguments":[],"exceptionType":"DuplicateKeyException"}}],"relationship_result_list":[],"translation_result_list":[],"meta":{"completion_status":"FAILED"}} 
2021-02-27 15:22:24.603873,	SMAX Bulk Create,	INFO,	Processing ticket Information Research
2021-02-27 15:22:24.608872,	SMAX Bulk Create,	INFO,	JSON
 {entities: [{entity_type: Company, properties: {DisplayLabel: Information Research, Code: , CompanyType: CompanyTypeManufacturer, Website: , Phone: , Fax: }}], operation: CREATE}
2021-02-27 15:22:25.625956,	SMAX,	ERROR,	SMAX Create Bulk failed: Response JSON 
 {"entity_result_list":[{"entity":{"entity_type":"Company","properties":{"PhaseId":"Active","DataDomains":["Public"],"LastUpdateTime":1614419546425,"EmsCreationTime":1614419546425,"Phone":"","Website":"","CompanyType":"CompanyTypeManufacturer","ProcessId":"Normal","Fax":"","Code":"","DisplayLabel":"Information Research"},"related_properties":{}},"completion_status":"FAILED","errorDetails":{"httpStatus":409,"message":"Duplicate key violation","developer_message":"","message_key":"duplicate.key","message_rb":"locale/platform_ems_errors","message_arguments":[],"exceptionType":"DuplicateKeyException"}}],"relationship_result_list":[],"translation_result_list":[],"meta":{"completion_status":"FAILED"}} 
2021-02-27 15:22:25.670695,	SMAX Bulk Create,	INFO,	Processing ticket Andrea Electronics
2021-02-27 15:22:25.675696,	SMAX Bulk Create,	INFO,	JSON
 {entities: [{entity_type: Company, properties: {DisplayLabel: Andrea Electronics, Code: , CompanyType: CompanyTypeManufacturer, Website: , Phone: , Fax: }}], operation: CREATE}
2021-02-27 15:22:26.708700,	SMAX,	ERROR,	SMAX Create Bulk failed: Response JSON 
 {"entity_result_list":[{"entity":{"entity_type":"Company","properties":{"PhaseId":"Active","DataDomains":["Public"],"LastUpdateTime":1614419547511,"EmsCreationTime":1614419547511,"Phone":"","Website":"","CompanyType":"CompanyTypeManufacturer","ProcessId":"Normal","Fax":"","Code":"","DisplayLabel":"Andrea Electronics"},"related_properties":{}},"completion_status":"FAILED","errorDetails":{"httpStatus":409,"message":"Duplicate key violation","developer_message":"","message_key":"duplicate.key","message_rb":"locale/platform_ems_errors","message_arguments":[],"exceptionType":"DuplicateKeyException"}}],"relationship_result_list":[],"translation_result_list":[],"meta":{"completion_status":"FAILED"}} 
2021-02-27 15:22:26.747403,	SMAX Bulk Create,	INFO,	Processing ticket Creative Labs
2021-02-27 15:22:26.753402,	SMAX Bulk Create,	INFO,	JSON
 {entities: [{entity_type: Company, properties: {DisplayLabel: Creative Labs, Code: CLCN, CompanyType: CompanyTypeVendor, Website: , Phone: (904) 824-3133, Fax: (302) 421-5753}}], operation: CREATE}
2021-02-27 15:22:27.744700,	SMAX,	ERROR,	SMAX Create Bulk failed: Response JSON 
 {"entity_result_list":[{"entity":{"entity_type":"Company","properties":{"PhaseId":"Active","DataDomains":["Public"],"LastUpdateTime":1614419548545,"EmsCreationTime":1614419548545,"Phone":"(904) 824-3133","Website":"","CompanyType":"CompanyTypeVendor","ProcessId":"Normal","Fax":"(302) 421-5753","Code":"CLCN","DisplayLabel":"Creative Labs"},"related_properties":{}},"completion_status":"FAILED","errorDetails":{"httpStatus":409,"message":"Duplicate key violation: field name \u0027Code\u0027","developer_message":"","message_key":"duplicate.logical.key","message_rb":"locale/platform_ems_errors","message_arguments":["Code"],"exceptionType":"DuplicateKeyException"}}],"relationship_result_list":[],"translation_result_list":[],"meta":{"completion_status":"FAILED"}} 
2021-02-27 15:22:27.794857,	SMAX Bulk Create,	INFO,	Processing ticket Macromedia
2021-02-27 15:22:27.799867,	SMAX Bulk Create,	INFO,	JSON
 {entities: [{entity_type: Company, properties: {DisplayLabel: Macromedia, Code: MACR, CompanyType: CompanyTypeVendor, Website: www.macromedia.com, Phone: (408) 536-6000, Fax: (408) 536-6000}}], operation: CREATE}
2021-02-27 15:22:28.919710,	SMAX,	ERROR,	SMAX Create Bulk failed: Response JSON 
 {"entity_result_list":[{"entity":{"entity_type":"Company","properties":{"PhaseId":"Active","DataDomains":["Public"],"LastUpdateTime":1614419549620,"EmsCreationTime":1614419549620,"Phone":"(408) 536-6000","Website":"www.macromedia.com","CompanyType":"CompanyTypeVendor","ProcessId":"Normal","Fax":"(408) 536-6000","Code":"MACR","DisplayLabel":"Macromedia"},"related_properties":{}},"completion_status":"FAILED","errorDetails":{"httpStatus":409,"message":"Duplicate key violation: field name \u0027Code\u0027","developer_message":"","message_key":"duplicate.logical.key","message_rb":"locale/platform_ems_errors","message_arguments":["Code"],"exceptionType":"DuplicateKeyException"}}],"relationship_result_list":[],"translation_result_list":[],"meta":{"completion_status":"FAILED"}} 
2021-02-27 15:22:28.962300,	SMAX Bulk Create,	INFO,	Processing ticket CoreLogic, Inc.
2021-02-27 15:22:28.967301,	SMAX Bulk Create,	INFO,	JSON
 {entities: [{entity_type: Company, properties: {DisplayLabel: CoreLogic, Inc., Code: CLGX, CompanyType: CompanyTypeVendor, Website: , Phone: (949) 250-6400, Fax: (949) 250-6400}}], operation: CREATE}
2021-02-27 15:22:29.968702,	SMAX,	ERROR,	SMAX Create Bulk failed: Response JSON 
 {"entity_result_list":[{"entity":{"entity_type":"Company","properties":{"PhaseId":"Active","DataDomains":["Public"],"LastUpdateTime":1614419550779,"EmsCreationTime":1614419550779,"Phone":"(949) 250-6400","Website":"","CompanyType":"CompanyTypeVendor","ProcessId":"Normal","Fax":"(949) 250-6400","Code":"CLGX","DisplayLabel":"CoreLogic, Inc."},"related_properties":{}},"completion_status":"FAILED","errorDetails":{"httpStatus":409,"message":"Duplicate key violation: field name \u0027Code\u0027","developer_message":"","message_key":"duplicate.logical.key","message_rb":"locale/platform_ems_errors","message_arguments":["Code"],"exceptionType":"DuplicateKeyException"}}],"relationship_result_list":[],"translation_result_list":[],"meta":{"completion_status":"FAILED"}} 
2021-02-27 15:22:30.008719,	SMAX Bulk Create,	INFO,	Processing ticket SAP America
2021-02-27 15:22:30.013711,	SMAX Bulk Create,	INFO,	JSON
 {entities: [{entity_type: Company, properties: {DisplayLabel: SAP America, Code: , CompanyType: CompanyTypeVendor, Website: , Phone: , Fax: }}], operation: CREATE}
2021-02-27 15:22:31.029696,	SMAX,	ERROR,	SMAX Create Bulk failed: Response JSON 
 {"entity_result_list":[{"entity":{"entity_type":"Company","properties":{"PhaseId":"Active","DataDomains":["Public"],"LastUpdateTime":1614419551835,"EmsCreationTime":1614419551835,"Phone":"","Website":"","CompanyType":"CompanyTypeVendor","ProcessId":"Normal","Fax":"","Code":"","DisplayLabel":"SAP America"},"related_properties":{}},"completion_status":"FAILED","errorDetails":{"httpStatus":409,"message":"Duplicate key violation","developer_message":"","message_key":"duplicate.key","message_rb":"locale/platform_ems_errors","message_arguments":[],"exceptionType":"DuplicateKeyException"}}],"relationship_result_list":[],"translation_result_list":[],"meta":{"completion_status":"FAILED"}} 
