2020-06-25 21:16:48.422784,	Logger,	Logger Initated
2020-06-25 21:16:48.424784,	SNOW Config Init,	SNOW {
    "Uname": "admin",
    "Pword": "1bMTY9kTTxeu.2020",
    "HostName":"dev96697.service-now.com",
    "Query":"=sysparm_fields=country%2Cstate%2Cvip%2Chome_phone%2Cname%2Cemployee_number%2Ccity%2Cmobile_phone%2Cemail%2Cmanager%2Cmiddle_name%2Clocation%2Cfirst_name%2Cuser_name&sysparm_limit=3",
    "EndopointURL": "https://dev102213.service-now.com/api/now/table/incident?sysparm_fields=number%2Cstate%2Cdescription%2Cshort_description%2Cimpact%2Curgency&sysparm_limit=100",
    "ModuleName": "sys_user"
} Configuration Loaded successfully
2020-06-25 21:16:48.436784,	SMAX Config Init,	SMAX {
    "Uname": "suite-admin",
    "Pword": "Automation_1234",
    "HostName":"poc.smaxbank.com",
    "TenantId":"493767550",
    "EndopointURL": "",
    "AuthURL":"",
    "SmaxEntity": "Person",
    "DefaultServiceCode":"11379",
    "CertFilePath":"./data/smax-bofa.cer"
} Configuration Loaded successfully
2020-06-25 21:16:48.444784,	Mapping,	Mapping file loaded
 {1: Enterprise, 2: SiteOrDepartment, 3: MultipleUsers}
2020-06-25 21:16:49.736784,	SMAX,	SMAX Auth Successfull: Token 
 GWUTXd874zeRDTQv749KBb6oCAZnwb-Ei8NS39wVgcR6nccG7ncPEdfMHko2MuC-WRsuQN3NusVxoA6h-ks1SbJohFhNJBF7MBZhEbaU1F6gPcT2O0cvlfiIxPF985YJk6MNlXECO49S4Muc7uj3XPIMeCVO-1t-CIrs7DV9uKBhHGLNbsTb0zOMN2d-AY3sCYEUyfFCjGfGnFT3Yb345AhUURG2q0hRw4LwDxZC-JtLafueXEcnA0eyptzzVYdfcD_AL8I-POubq0skiFPFPPYeKRWoCPa4_o5RsiSWoUUtqZE6GU05B1W1en3Uq2PikNcPy9DHBYsjQPX-3qUfrgUww9B8Uxk07KK-j6AosWc69zxUMqZFJOAuo2PPoqWzXx7wX-RMabm9gdFjBvLo1vn2DC68J08Pl6c94j0jOivy79ZUIhQMrpbzlzwpQC0pT_f9ef5csBP3y9ww1Kh8LFGagyz-eaYWy3efSnApuByYfUGr6js7mA8gcrNOiqL3l79ZhZ4iSlS8pUv_WMoH4750uR5pxagY26A8aRgELKPVF16tgYYjCWIkavfgXExV_1fkvCmaOTnBo9r5fF8q_p2c2OCSAethWQAuaAKKq9xjfZ-GU6T-NEkwidseszudGZIwDRpF6EaIgYWJmvaks0nfe2-k_pE5llCMTUSY5QzSzOl7Y1r9OouK5ySUWkO3ZKut16JlUxtHTNyO8q4r4PmObLqM3u4yfRDRAwWpH_uf2T1OrNiMWScdoB5LNJQBV_7c7LnMWtNjHrMa_JQpgsgE4AmOVgAxJVk_K1rAhnfiLsKoTwdbrcWmBSo3TfU3hK3Ky_kUdehSyhCaGqBF_c35b-qUOwx34v3SIUWwwPvrZXcGr5j-UIm1GF8w4XROwJhzSEqsU4MQhubsH-V6RyMW5AYHg6o5KkyHWtQz5d0Tn5EwYM7jrykJrq91RkUGvi5PgTf35Av5md6vr9s8FDRoJRDMxKeV8USu8aT5WYgDnNjm7k6GZzb6krJiHRgKycA9I_DqcNkQE2guwXrMPWVI0xf3SjOd3ubt-LarGJkk_i4xjP6cwQtnRbcU1VlIDpFub3lzGSkhyGUFI53-l66xPGgE93fkJY7Cf5Y10p3hMAssEoLSJ7e_Vdd07NGJ0L6ZLOSklpswHY2glmj6ZbTg42rk8SITXfAWS1TgpDWXDSnXLYuf6Ar3YCY9ooNJu2e7-tPwnExHEIBEszBFtiR0tYIhD0dl8-vzU3auwFP3O-VjqUtExdLVVQusIJuNa9nJcAVlww8N2vCnwBookfPBpdbWFpGKmxG1pgrHfMTGEfFmH4eVkA2NwX5PgMWtQW-Ime7pu8deGpKzeLdHls4VzQtEIEh0JhNh9A8EyPKkrUzoNKDGDkgJLnpYCunACFtaXbEN9S8GPSL8bqSlYJjP1fG-dTvZ9yU2A_18dXstWYIsk2t_B4N4q9-5lVl5aiSS1uTtD-wqF6nHImD5t3mZ_mJ32XBdGkJ-tHeDfzE. 
2020-06-25 21:16:50.389784,	SNOW,	SNOW Fetch Success:200 {"result":[{"calendar_integration":"1","country":"","user_password":"O87580ae2m","last_login_time":"2019-04-05 22:16:30","source":"","sys_updated_on":"2020-06-23 21:42:17","building":"","web_service_access_only":"false","notification":"2","enable_multifactor_authn":"false","sys_updated_by":"developer.program@snc","sys_created_on":"2019-04-05 21:09:12","sys_domain":{"link":"https://dev96697.service-now.com/api/now/table/sys_user_group/global","value":"global"},"state":"","vip":"false","sys_created_by":"admin","zip":"","home_phone":"","time_format":"","last_login":"2019-04-05","default_perspective":"","active":"true","sys_domain_path":"/","cost_center":"","phone":"","name":"survey user","employee_number":"","password_needs_reset":"false","gender":"","city":"","failed_attempts":"0","user_name":"survey.user","roles":"","title":"","sys_class_name":"sys_user","sys_id":"005d500b536073005e0addeeff7b12f4","internal_integration_user":"false","ldap_server":"","mobile_phone":"","street":"","company":"","department":"","first_name":"survey","email":"survey.user@email.com","introduction":"","preferred_language":"","manager":"","locked_out":"false","sys_mod_count":"2","last_name":"user","photo":"","avatar":"","middle_name":"","sys_tags":"","time_zone":"","schedule":"","date_format":"","location":""},{"calendar_integration":"1","country":"","user_password":"tHJo1510w9","last_login_time":"","source":"","sys_updated_on":"2020-06-23 21:42:18","building":"","web_service_access_only":"false","notification":"2","enable_multifactor_authn":"false","sys_updated_by":"developer.program@snc","sys_created_on":"2012-02-18 03:04:49","sys_domain":{"link":"https://dev96697.service-now.com/api/now/table/sys_user_group/global","value":"global"},"state":"","vip":"false","sys_created_by":"admin","zip":"","home_phone":"","time_format":"","last_login":"","default_perspective":"","active":"true","sys_domain_path":"/","cost_center":{"link":"https://dev96697.service-now.com/api/now/table/cmn_cost_center/91e8bbf43710200044e0bfc8bcbe5daa","value":"91e8bbf43710200044e0bfc8bcbe5daa"},"phone":"","name":"Lucius Bagnoli","employee_number":"","password_needs_reset":"false","gender":"Male","city":"","failed_attempts":"","user_name":"lucius.bagnoli","roles":"","title":"","sys_class_name":"sys_user","sys_id":"02826bf03710200044e0bfc8bcbe5d3f","internal_integration_user":"false","ldap_server":"","mobile_phone":"","street":"","company":{"link":"https://dev96697.service-now.com/api/now/table/core_company/81fd65ecac1d55eb42a426568fc87a63","value":"81fd65ecac1d55eb42a426568fc87a63"},"department":{"link":"https://dev96697.service-now.com/api/now/table/cmn_department/5d7f17f03710200044e0bfc8bcbe5d43","value":"5d7f17f03710200044e0bfc8bcbe5d43"},"first_name":"Lucius","email":"lucius.bagnoli@example.com","introduction":"","preferred_language":"","manager":{"link":"https://dev96697.service-now.com/api/now/table/sys_user/02826bf03710200044e0bfc8bcbe5d88","value":"02826bf03710200044e0bfc8bcbe5d88"},"locked_out":"false","sys_mod_count":"5","last_name":"Bagnoli","photo":"","avatar":"","middle_name":"","sys_tags":"","time_zone":"","schedule":"","date_format":"","location":{"link":"https://dev96697.service-now.com/api/now/table/cmn_location/0002c0a93790200044e0bfc8bcbe5df5","value":"0002c0a93790200044e0bfc8bcbe5df5"}},{"calendar_integration":"1","country":"","user_password":"evcuHZ83v8","last_login_time":"","source":"","sys_updated_on":"2020-06-23 21:42:18","building":"","web_service_access_only":"false","notification":"2","enable_multifactor_authn":"false","sys_updated_by":"developer.program@snc","sys_created_on":"2012-02-18 03:04:49","sys_domain":{"link":"https://dev96697.service-now.com/api/now/table/sys_user_group/global","value":"global"},"state":"","vip":"false","sys_created_by":"admin","zip":"","home_phone":"","time_format":"","last_login":"","default_perspective":"","active":"true","sys_domain_path":"/","cost_center":{"link":"https://dev96697.service-now.com/api/now/table/cmn_cost_center/91e8bbf43710200044e0bfc8bcbe5daa","value":"91e8bbf43710200044e0bfc8bcbe5daa"},"phone":"","name":"Jimmie Barninger","employee_number":"","password_needs_reset":"false","gender":"Male","city":"","failed_attempts":"","user_name":"jimmie.barninger","roles":"","title":"","sys_class_name":"sys_user","sys_id":"02826bf03710200044e0bfc8bcbe5d55","internal_integration_user":"false","ldap_server":"","mobile_phone":"","street":"","company":{"link":"https://dev96697.service-now.com/api/now/table/core_company/227cdfb03710200044e0bfc8bcbe5d6b","value":"227cdfb03710200044e0bfc8bcbe5d6b"},"department":{"link":"https://dev96697.service-now.com/api/now/table/cmn_department/5d7f17f03710200044e0bfc8bcbe5d43","value":"5d7f17f03710200044e0bfc8bcbe5d43"},"first_name":"Jimmie","email":"jimmie.barninger@example.com","introduction":"","preferred_language":"","manager":{"link":"https://dev96697.service-now.com/api/now/table/sys_user/06826bf03710200044e0bfc8bcbe5d81","value":"06826bf03710200044e0bfc8bcbe5d81"},"locked_out":"false","sys_mod_count":"5","last_name":"Barninger","photo":"","avatar":"","middle_name":"","sys_tags":"","time_zone":"","schedule":"","date_format":"","location":{"link":"https://dev96697.service-now.com/api/now/table/cmn_location/25b672780a0a0bb30090fae60e51bd31","value":"25b672780a0a0bb30090fae60e51bd31"}}]}
2020-06-25 21:16:50.399785,	SNOW,	Fetched :3 tickets
2020-06-25 21:16:50.407772,	SMAX Bulk Create,	Processing ticket survey.user
2020-06-25 21:16:50.418785,	SMAX Bulk Create,	JSON::{"properties":{"FirstName":"survey","LastName":"user","OfficePhoneNumber":"0","MobilePhoneNumber":null,"HomePhoneNumber":null,"Upn":"survey.user","Manager":null,"IsMaasUser":"FALSE","Location":null,"CostCenter":null,"Email":"survey.user@email.com","AuthenticationType":"DB"},"upnDataType":"Customer_UID","roles":{"REPLACE":null},"groups":{"REPLACE":[]}}

2020-06-25 21:16:51.473784,	SMAX,	SMAX Create Bulk Successfull: Response JSON 
 {"JobId":"261fe001-0b9d-4ece-b3ca-cd32a377f674"} 
2020-06-25 21:16:51.481784,	SMAX Bulk Create,	Processing ticket lucius.bagnoli
2020-06-25 21:16:53.302788,	SMAX Bulk Create,	JSON::{"properties":{"FirstName":"Lucius","LastName":"Bagnoli","OfficePhoneNumber":"0","MobilePhoneNumber":null,"HomePhoneNumber":null,"Upn":"lucius.bagnoli","Manager":"billie.cowley@example.com","IsMaasUser":"FALSE","Location":null,"CostCenter":null,"Email":"lucius.bagnoli@example.com","AuthenticationType":"DB"},"upnDataType":"Customer_UID","roles":{"REPLACE":null},"groups":{"REPLACE":[]}}

2020-06-25 21:16:54.301386,	SMAX,	SMAX Create Bulk Successfull: Response JSON 
 {"JobId":"3502187f-5efb-41bc-b3cc-761f0fc813c4"} 
2020-06-25 21:16:54.309387,	SMAX Bulk Create,	Processing ticket jimmie.barninger
2020-06-25 21:16:56.040373,	SMAX Bulk Create,	JSON::{"properties":{"FirstName":"Jimmie","LastName":"Barninger","OfficePhoneNumber":"0","MobilePhoneNumber":null,"HomePhoneNumber":null,"Upn":"jimmie.barninger","Manager":"justina.dragaj@example.com","IsMaasUser":"FALSE","Location":null,"CostCenter":null,"Email":"jimmie.barninger@example.com","AuthenticationType":"DB"},"upnDataType":"Customer_UID","roles":{"REPLACE":null},"groups":{"REPLACE":[]}}

2020-06-25 21:16:57.027372,	SMAX,	SMAX Create Bulk Successfull: Response JSON 
 {"JobId":"2c2589e4-6eb6-490a-ad94-e85e0f11897b"} 
