2021-02-22 16:14:33.670486,	Logger,	INFO,	Logger Initated
2021-02-22 16:14:33.679524,	SNOW Config Init,	INFO,	SNOW {
    "Uname": "admin",
    "Pword": "ElZ8a3gtJRHf",
    "HostName":"dev19116.service-now.com",
    "Query":"=parent%2Cname%2Ccountry&sysparm_limit=10",
    "EndopointURL": "https://dev102213.service-now.com/api/now/table/incident?sysparm_fields=number%2Cstate%2Cdescription%2Cshort_description%2Cimpact%2Curgency&sysparm_limit=100",
    "ModuleName": "cmn_location"
}
 Configuration Loaded successfully
2021-02-22 16:14:33.688036,	SMAX Config Init,	INFO,	SMAX {
    "Uname": "tenant_admin",
    "Pword": "SMAXR0cks!",
    "HostName":"us1-smax.saas.microfocus.com",
    "TenantId":"598132864",
    "EndopointURL": "",
    "AuthURL":"",
    "SmaxEntity": "Location",
    "DefaultServiceCode":"",
    "DefaultCategoryCode":"",
    "CertFilePath":"./data/smax-saas.cer"
} Configuration Loaded successfully
2021-02-22 16:14:33.698048,	Mapping,	INFO,	Mapping file loaded
 {1: Enterprise, 2: SiteOrDepartment, 3: MultipleUsers}
2021-02-22 16:14:33.844964,	DB Status,	INFO,	true
2021-02-22 16:14:35.331819,	SMAX,	INFO,	SMAX Auth Successfull: Token 
 6JWrrqJHRbqCoaV1_mAoGOlrqqUbPFl8RwZvnvczRhnwDccZY6lgsC4v1s2_biHruoisCjhJVd7ln1iGyHULsDplPSeRzUghAKBDtCCBpRr62vsat3N9g1ndPXuEH0yjeSZxZaGRCbOXjQi8svl3rn-_H3gvhdy3vRDXEUhT9GA77RCjOgEqw-Rjc6RlfwtwQXFr4X0QjnuxCqkEStndig5d-8AaLmzjn8iPJ31-ZDtw_6wZdL3MZSuSpKEnNzgu1DBmBNXg13_zh5X_-FdPhACzp3uzJX7UmozOCbTWFR3zVEgTQFbY9Uj1It9RsXtf8GjyVlwTJfDE3wCAdMQwrVJDBGByWIzV35oUr9NOtfe-kDyM6lxSkV5oJPXRpOY0ZO4Rnoa6QNvdlBBo0C99ODqWFhPN8y0GMfjyabSpMSmFWocIZscS8RNPpHrwA2ttWqLjZ641y1EDZeE_TEB1Tlc73xsgkBl8BMf1O7WlsJBYsVpII89BpmtV6SCY1hhfiANCOhK40jBkqlWFH9QI-pf5ZZH-9Yx5bGG9FIjAXGIolPLxnq9GjLBgpBk-QvnijKN_goFqGF0OHpmi1AFmhx6N-cyO735YZPhOLtPcY7U9QWxA6JFbYXmrxFEHvtWqxQoEVh6hnmO0p5ivDopYld0cjGN5MWzhwF1xv5NNB1UD7UrSGOTHUP49BT6IApqh4VUkTDv0zeqSDecZebnxwJx-X9B_kH_H-3o2Oh8xiXmQc0kP246cqzAP_aH7fu3Sr2093WWeihtilHZjfAMqdwZeQu7eaZ4Hhd-EkAtZWaCaJPEnAdWXOMmuaD_OvInS-xPXn8K-f7Kf7oUSH7deB53u5UMeCIjUGYa6cYcbeJdyY3G67JUlBotxe8nwaCVLV76J_mSAW2UmKV-BNVVyHYvWqtcQ5mpzMlKqT8R0FeHAlBclT-chI9s4KSmBitwJ45x7SpHsQ8sHJFLvFdbyMXIIG8rc_xiRyJAzZfM4pkG9Y6p_9Ql6Q0KoUTpA_MD-J63coRmZ2ib7Ds6sQPeY4x0Scy32HVJnFTttY87RajebJZ_WMJwJ7mY-Tv1FYXeqQhtnj7vtLpQk0tYLRDvgi5NSvdvP-5TRl-ry8aEZ1xoARGaQZ4TGCJ8JNLEoRqEX3xH-xPMnfg31_M6F2CmFGanG-wOL1m9HMJUdpvAT6zL7UbL4_f8oW83E7CF0CvNvqrtu6usXfozBHLD8GxIC7AoRvyHiBGvgZf2QJsIwiIiQ0T4H9CFQ0NZgvO8DIsdrk6XWAw87ukCToaUdSxcHpE4iLzyuThYGLJ0DZBIFaVcxvq-ES0iVzhAQHUF2IFg8yCuaISre6hjHiHx1zrHF3ZW231enzoQzzDzY4wvF4P11znTeXP31UuIBYOZeUVoGg0LjN4kPdrmyPn_lQoNkYg.. 
2021-02-22 16:14:35.760294,	SNOW,	INFO,	SNOW Fetch Success:200 {"result":[{"country":"Japan","parent":{"link":"https://dev19116.service-now.com/api/now/table/cmn_location/821c169bac1d55eb68ede6e36aa35112","value":"821c169bac1d55eb68ede6e36aa35112"},"city":"Tokyo","latitude":"35.674989","sys_updated_on":"2012-02-19 18:39:00","sys_id":"0002c0a93790200044e0bfc8bcbe5df5","sys_updated_by":"admin","stock_room":"false","street":"","sys_created_on":"2012-02-19 18:39:00","contact":"","phone_territory":"","company":{"link":"https://dev19116.service-now.com/api/now/table/core_company/81fd65ecac1d55eb42a426568fc87a63","value":"81fd65ecac1d55eb42a426568fc87a63"},"lat_long_error":"","state":"","sys_created_by":"admin","longitude":"139.764365","zip":"","sys_mod_count":"0","sys_tags":"","time_zone":"","full_name":"Apac/Japan/Tokyo/2-10-1 Yurakucho, Chiyoda-ku, Tokyo","fax_phone":"","phone":"","name":"2-10-1 Yurakucho, Chiyoda-ku, Tokyo","coordinates_retrieved_on":""},{"country":"Colombia","parent":{"link":"https://dev19116.service-now.com/api/now/table/cmn_location/fa55153437d0200044e0bfc8bcbe5dd3","value":"fa55153437d0200044e0bfc8bcbe5dd3"},"city":"Colombia","latitude":"4.570868","sys_updated_on":"2020-09-25 01:09:42","sys_id":"0594ed7437d0200044e0bfc8bcbe5df0","sys_updated_by":"system","stock_room":"false","street":"","sys_created_on":"2012-02-17 17:54:15","contact":"","phone_territory":{"link":"https://dev19116.service-now.com/api/now/table/sys_phone_territory/04b7e002eb1201007128a5fc5206fe0e","value":"04b7e002eb1201007128a5fc5206fe0e"},"company":{"link":"https://dev19116.service-now.com/api/now/table/core_company/227cdfb03710200044e0bfc8bcbe5d6b","value":"227cdfb03710200044e0bfc8bcbe5d6b"},"lat_long_error":"","state":"","sys_created_by":"admin","longitude":"-74.297333","zip":"","sys_mod_count":"0","sys_tags":"","time_zone":"","full_name":"Americas/South America/Colombia","fax_phone":"","phone":"","name":"Colombia","coordinates_retrieved_on":""},{"country":"Japan","parent":{"link":"https://dev19116.service-now.com/api/now/table/cmn_location/dbf440100a0a0a65006618f752ee74b5","value":"dbf440100a0a0a65006618f752ee74b5"},"city":"Japan","latitude":"36.204824","sys_updated_on":"2020-09-25 01:09:42","sys_id":"0d9561b437d0200044e0bfc8bcbe5d32","sys_updated_by":"system","stock_room":"false","street":"","sys_created_on":"2012-02-17 17:57:16","contact":"","phone_territory":{"link":"https://dev19116.service-now.com/api/now/table/sys_phone_territory/dcb7e002eb1201007128a5fc5206fe64","value":"dcb7e002eb1201007128a5fc5206fe64"},"company":{"link":"https://dev19116.service-now.com/api/now/table/core_company/81fd65ecac1d55eb42a426568fc87a63","value":"81fd65ecac1d55eb42a426568fc87a63"},"lat_long_error":"","state":"","sys_created_by":"admin","longitude":"138.252924","zip":"","sys_mod_count":"0","sys_tags":"","time_zone":"","full_name":"Apac/Japan","fax_phone":"","phone":"","name":"Japan","coordinates_retrieved_on":""},{"country":"","parent":{"link":"https://dev19116.service-now.com/api/now/table/cmn_location/dbf3b4790a0a0a6501a7673fb1b28f7f","value":"dbf3b4790a0a0a6501a7673fb1b28f7f"},"city":"","latitude":"","sys_updated_on":"2020-09-25 01:09:42","sys_id":"0e55153437d0200044e0bfc8bcbe5d9d","sys_updated_by":"system","stock_room":"false","street":"","sys_created_on":"2012-02-17 16:46:49","contact":"","phone_territory":{"link":"https://dev19116.service-now.com/api/now/table/sys_phone_territory/7ba72002eb1201007128a5fc5206fecc","value":"7ba72002eb1201007128a5fc5206fecc"},"company":{"link":"https://dev19116.service-now.com/api/now/table/core_company/31bea3d53790200044e0bfc8bcbe5dec","value":"31bea3d53790200044e0bfc8bcbe5dec"},"lat_long_error":"","state":"","sys_created_by":"admin","longitude":"","zip":"","sys_mod_count":"0","sys_tags":"","time_zone":"","full_name":"Americas/North America","fax_phone":"","phone":"","name":"North America","coordinates_retrieved_on":""},{"country":"USA","parent":{"link":"https://dev19116.service-now.com/api/now/table/cmn_location/163c49b037d0200044e0bfc8bcbe5dd6","value":"163c49b037d0200044e0bfc8bcbe5dd6"},"city":"Raleigh","latitude":"35.80436","sys_updated_on":"2015-02-18 09:04:06","sys_id":"1059cb53c6112275003052ce61c907e8","sys_updated_by":"admin","stock_room":"false","street":"2009 Fairview RD, Raleigh \n","sys_created_on":"2005-05-24 20:16:57","contact":"","phone_territory":"","company":{"link":"https://dev19116.service-now.com/api/now/table/core_company/31bea3d53790200044e0bfc8bcbe5dec","value":"31bea3d53790200044e0bfc8bcbe5dec"},"lat_long_error":"","state":"NC","sys_created_by":"glide.maint","longitude":"-78.64685","zip":"27609","sys_mod_count":"15","sys_tags":"","time_zone":"","full_name":"Americas/North America/North Carolina/Raleigh/Five Points 2009 Fairview RD, Raleigh, NC","fax_phone":"","phone":"","name":"Five Points 2009 Fairview RD, Raleigh, NC","coordinates_retrieved_on":""},{"country":"USA","parent":{"link":"https://dev19116.service-now.com/api/now/table/cmn_location/4b7c157437d0200044e0bfc8bcbe5df5","value":"4b7c157437d0200044e0bfc8bcbe5df5"},"city":"Salt Lake City","latitude":"40.762393","sys_updated_on":"2015-02-18 08:08:12","sys_id":"105cf7f3c611227501e75e08b14a38ba","sys_updated_by":"admin","stock_room":"false","street":"324 South State Street, Salt Lake City","sys_created_on":"2005-05-24 20:20:25","contact":"","phone_territory":"","company":{"link":"https://dev19116.service-now.com/api/now/table/core_company/31bea3d53790200044e0bfc8bcbe5dec","value":"31bea3d53790200044e0bfc8bcbe5dec"},"lat_long_error":"2: couldn't find this address! sorry","state":"UT","sys_created_by":"glide.maint","longitude":"-111.888652","zip":"84111","sys_mod_count":"24","sys_tags":"","time_zone":"","full_name":"Americas/North America/Utah/324 South State Street, Salt Lake City,UT","fax_phone":"","phone":"801-538-3000","name":"324 South State Street, Salt Lake City,UT","coordinates_retrieved_on":""},{"country":"USA","parent":{"link":"https://dev19116.service-now.com/api/now/table/cmn_location/5f17027837d0200044e0bfc8bcbe5d27","value":"5f17027837d0200044e0bfc8bcbe5d27"},"city":"Atlanta","latitude":"33.743938","sys_updated_on":"2015-02-18 08:10:54","sys_id":"1081761cc611227501d063fd3475a2de","sys_updated_by":"admin","stock_room":"false","street":"400 Pryor Street Southwest, Atlanta","sys_created_on":"2005-05-24 21:00:16","contact":"","phone_territory":"","company":{"link":"https://dev19116.service-now.com/api/now/table/core_company/31bea3d53790200044e0bfc8bcbe5dec","value":"31bea3d53790200044e0bfc8bcbe5dec"},"lat_long_error":"","state":"GA","sys_created_by":"glide.maint","longitude":"-84.393971","zip":"30315","sys_mod_count":"23","sys_tags":"","time_zone":"","full_name":"Americas/North America/Georgia/Atlanta/400 Pryor Street Southwest, Atlanta,GA","fax_phone":"","phone":"","name":"400 Pryor Street Southwest, Atlanta,GA","coordinates_retrieved_on":""},{"country":"USA","parent":{"link":"https://dev19116.service-now.com/api/now/table/cmn_location/0e55153437d0200044e0bfc8bcbe5d9d","value":"0e55153437d0200044e0bfc8bcbe5d9d"},"city":"Oklahoma","latitude":"35.438666","sys_updated_on":"2015-02-18 08:10:54","sys_id":"1083361cc611227501b682158cabf646","sys_updated_by":"admin","stock_room":"false","street":"2617 South Robinson Avenue, Oklahoma City","sys_created_on":"2005-05-24 21:02:11","contact":"","phone_territory":"","company":{"link":"https://dev19116.service-now.com/api/now/table/core_company/31bea3d53790200044e0bfc8bcbe5dec","value":"31bea3d53790200044e0bfc8bcbe5dec"},"lat_long_error":"","state":"OK","sys_created_by":"glide.maint","longitude":"-97.516604","zip":"73109","sys_mod_count":"22","sys_tags":"","time_zone":"","full_name":"Americas/North America/2617 South Robinson Avenue, Oklahoma City,OK","fax_phone":"","phone":"","name":"2617 South Robinson Avenue, Oklahoma City,OK","coordinates_retrieved_on":""},{"country":"USA","parent":{"link":"https://dev19116.service-now.com/api/now/table/cmn_location/aa3c89b037d0200044e0bfc8bcbe5d08","value":"aa3c89b037d0200044e0bfc8bcbe5d08"},"city":"Salem","latitude":"44.95668","sys_updated_on":"2015-02-18 08:10:54","sys_id":"108486c7c611227500b093211aa88dcc","sys_updated_by":"admin","stock_room":"false","street":"1050 Sunnyview Road Northeast, Salem","sys_created_on":"2005-05-24 21:03:37","contact":"","phone_territory":"","company":{"link":"https://dev19116.service-now.com/api/now/table/core_company/31bea3d53790200044e0bfc8bcbe5dec","value":"31bea3d53790200044e0bfc8bcbe5dec"},"lat_long_error":"","state":"OR","sys_created_by":"glide.maint","longitude":"-123.01869","zip":"97303","sys_mod_count":"15","sys_tags":"","time_zone":"","full_name":"Americas/North America/Oregon/Salem/1050 Sunnyview Road Northeast, Salem,OR","fax_phone":"","phone":"503-373-7051","name":"1050 Sunnyview Road Northeast, Salem,OR","coordinates_retrieved_on":""},{"country":"USA","parent":{"link":"https://dev19116.service-now.com/api/now/table/cmn_location/f03dc1f037d0200044e0bfc8bcbe5d29","value":"f03dc1f037d0200044e0bfc8bcbe5d29"},"city":"San Diego","latitude":"32.7153292","sys_updated_on":"2012-02-19 17:47:34","sys_id":"108752c8c611227501d4ab0e392ba97f","sys_updated_by":"admin","stock_room":"false","street":"","sys_created_on":"2005-05-24 21:06:40","contact":"","phone_territory":"","company":{"link":"https://dev19116.service-now.com/api/now/table/core_company/31bea3d53790200044e0bfc8bcbe5dec","value":"31bea3d53790200044e0bfc8bcbe5dec"},"lat_long_error":"","state":"CA","sys_created_by":"glide.maint","longitude":"-117.1572551","zip":"","sys_mod_count":"22","sys_tags":"","time_zone":"","full_name":"Americas/North America/California/San Diego","fax_phone":"","phone":"","name":"San Diego","coordinates_retrieved_on":""}]}
2021-02-22 16:14:35.770309,	SNOW,	INFO,	Fetched :10 tickets
2021-02-22 16:14:35.776298,	SMAX Bulk Create,	INFO,	Processing ticket 2-10-1 Yurakucho, Chiyoda-ku, Tokyo
2021-02-22 16:14:44.981908,	SMAX Bulk Create,	INFO,	JSON
 {entities: [{entity_type: Location, properties: {LocationType: City, Id: 17475, ParentLocation: 10934}}], operation: UPDATE}
2021-02-22 16:14:48.955832,	SMAX,	INFO,	SMAX Create Bulk Successfull: Response JSON 
 {"entity_result_list":[{"entity":{"entity_type":"Location","properties":{"LastUpdateTime":1613988859591,"Id":"17475"},"related_properties":{}},"completion_status":"OK"}],"relationship_result_list":[],"translation_result_list":[],"meta":{"completion_status":"OK"}} 
2021-02-22 16:14:49.016816,	SMAX Bulk Create,	INFO,	Processing ticket Colombia
2021-02-22 16:14:55.072844,	SMAX Bulk Create,	INFO,	JSON
 {entities: [{entity_type: Location, properties: {LocationType: City, Id: 17476, ParentLocation: 11002}}], operation: UPDATE}
2021-02-22 16:14:57.667785,	SMAX,	INFO,	SMAX Create Bulk Successfull: Response JSON 
 {"entity_result_list":[{"entity":{"entity_type":"Location","properties":{"LastUpdateTime":1613988865547,"Id":"17476"},"related_properties":{}},"completion_status":"OK"}],"relationship_result_list":[],"translation_result_list":[],"meta":{"completion_status":"OK"}} 
2021-02-22 16:14:57.713805,	SMAX Bulk Create,	INFO,	Processing ticket Japan
2021-02-22 16:15:02.679776,	SMAX Bulk Create,	INFO,	Processing ticket North America
2021-02-22 16:15:07.303842,	SMAX Bulk Create,	INFO,	Processing ticket Five Points 2009 Fairview RD, Raleigh, NC
2021-02-22 16:15:12.230099,	SMAX Bulk Create,	INFO,	JSON
 {entities: [{entity_type: Location, properties: {LocationType: Office, Id: 17919, ParentLocation: 17961}}], operation: UPDATE}
2021-02-22 16:15:13.441849,	SMAX,	INFO,	SMAX Create Bulk Successfull: Response JSON 
 {"entity_result_list":[{"entity":{"entity_type":"Location","properties":{"LastUpdateTime":1613988880426,"Id":"17919"},"related_properties":{}},"completion_status":"OK"}],"relationship_result_list":[],"translation_result_list":[],"meta":{"completion_status":"OK"}} 
2021-02-22 16:15:13.484383,	SMAX Bulk Create,	INFO,	Processing ticket 324 South State Street, Salt Lake City,UT
2021-02-22 16:15:18.129816,	SMAX Bulk Create,	INFO,	Processing ticket 400 Pryor Street Southwest, Atlanta,GA
2021-02-22 16:15:22.759738,	SMAX Bulk Create,	INFO,	Processing ticket 2617 South Robinson Avenue, Oklahoma City,OK
2021-02-22 16:15:27.300084,	SMAX Bulk Create,	INFO,	JSON
 {entities: [{entity_type: Location, properties: {LocationType: Office, Id: 17482, ParentLocation: 10873}}], operation: UPDATE}
2021-02-22 16:15:28.769767,	SMAX,	INFO,	SMAX Create Bulk Successfull: Response JSON 
 {"entity_result_list":[{"entity":{"entity_type":"Location","properties":{"LastUpdateTime":1613988895278,"Id":"17482"},"related_properties":{}},"completion_status":"OK"}],"relationship_result_list":[],"translation_result_list":[],"meta":{"completion_status":"OK"}} 
2021-02-22 16:15:28.818807,	SMAX Bulk Create,	INFO,	Processing ticket 1050 Sunnyview Road Northeast, Salem,OR
2021-02-22 16:15:34.207775,	SMAX Bulk Create,	INFO,	Processing ticket San Diego
